

Started GET "/" for 127.0.0.1 at 2014-06-28 22:06:04 -0400
Processing by Rails::WelcomeController#index as HTML
  Rendered /Library/Ruby/Gems/2.0.0/gems/railties-4.1.2/lib/rails/templates/rails/welcome/index.html.erb (1.2ms)
Completed 200 OK in 23ms (Views: 4.7ms | ActiveRecord: 0.0ms)


Started GET "/" for 127.0.0.1 at 2014-06-28 23:37:17 -0400
Processing by Rails::WelcomeController#index as HTML
  Rendered /Users/Somnius/.rvm/gems/ruby-2.1.2/gems/railties-4.1.2/lib/rails/templates/rails/welcome/index.html.erb (1.2ms)
Completed 200 OK in 13ms (Views: 5.3ms | ActiveRecord: 0.0ms)


Started GET "/" for 127.0.0.1 at 2014-06-28 23:37:49 -0400
Processing by Rails::WelcomeController#index as HTML
  Rendered /Users/Somnius/.rvm/gems/ruby-2.1.2/gems/railties-4.1.2/lib/rails/templates/rails/welcome/index.html.erb (0.0ms)
Completed 200 OK in 1ms (Views: 0.9ms | ActiveRecord: 0.0ms)


Started GET "/" for 127.0.0.1 at 2014-06-28 23:37:55 -0400
Processing by Rails::WelcomeController#index as HTML
  Rendered /Users/Somnius/.rvm/gems/ruby-2.1.2/gems/railties-4.1.2/lib/rails/templates/rails/welcome/index.html.erb (0.0ms)
Completed 200 OK in 1ms (Views: 0.9ms | ActiveRecord: 0.0ms)


Started GET "/" for 127.0.0.1 at 2014-06-28 23:37:56 -0400
Processing by Rails::WelcomeController#index as HTML
  Rendered /Users/Somnius/.rvm/gems/ruby-2.1.2/gems/railties-4.1.2/lib/rails/templates/rails/welcome/index.html.erb (0.0ms)
Completed 200 OK in 1ms (Views: 0.9ms | ActiveRecord: 0.0ms)


Started GET "/" for 127.0.0.1 at 2014-06-28 23:37:56 -0400
Processing by Rails::WelcomeController#index as HTML
  Rendered /Users/Somnius/.rvm/gems/ruby-2.1.2/gems/railties-4.1.2/lib/rails/templates/rails/welcome/index.html.erb (0.0ms)
Completed 200 OK in 1ms (Views: 0.9ms | ActiveRecord: 0.0ms)


Started GET "/" for 127.0.0.1 at 2014-06-28 23:37:56 -0400
Processing by Rails::WelcomeController#index as HTML
  Rendered /Users/Somnius/.rvm/gems/ruby-2.1.2/gems/railties-4.1.2/lib/rails/templates/rails/welcome/index.html.erb (0.0ms)
Completed 200 OK in 1ms (Views: 0.8ms | ActiveRecord: 0.0ms)


Started GET "/" for 127.0.0.1 at 2014-06-28 23:37:57 -0400
Processing by Rails::WelcomeController#index as HTML
  Rendered /Users/Somnius/.rvm/gems/ruby-2.1.2/gems/railties-4.1.2/lib/rails/templates/rails/welcome/index.html.erb (0.0ms)
Completed 200 OK in 1ms (Views: 0.8ms | ActiveRecord: 0.0ms)


Started GET "/" for 127.0.0.1 at 2014-06-28 23:37:57 -0400
Processing by Rails::WelcomeController#index as HTML
  Rendered /Users/Somnius/.rvm/gems/ruby-2.1.2/gems/railties-4.1.2/lib/rails/templates/rails/welcome/index.html.erb (0.0ms)
Completed 200 OK in 1ms (Views: 0.8ms | ActiveRecord: 0.0ms)


Started GET "/" for 127.0.0.1 at 2014-06-28 23:37:57 -0400
Processing by Rails::WelcomeController#index as HTML
  Rendered /Users/Somnius/.rvm/gems/ruby-2.1.2/gems/railties-4.1.2/lib/rails/templates/rails/welcome/index.html.erb (0.0ms)
Completed 200 OK in 1ms (Views: 0.7ms | ActiveRecord: 0.0ms)


Started GET "/" for 127.0.0.1 at 2014-06-28 23:37:57 -0400
Processing by Rails::WelcomeController#index as HTML
  Rendered /Users/Somnius/.rvm/gems/ruby-2.1.2/gems/railties-4.1.2/lib/rails/templates/rails/welcome/index.html.erb (0.0ms)
Completed 200 OK in 1ms (Views: 0.9ms | ActiveRecord: 0.0ms)


Started GET "/" for 127.0.0.1 at 2014-06-28 23:39:18 -0400

ArgumentError (Missing :action key on routes definition, please check your routes.):
  config/routes.rb:3:in `block in <top (required)>'
  config/routes.rb:1:in `<top (required)>'


  Rendered /Users/Somnius/.rvm/gems/ruby-2.1.2/gems/actionpack-4.1.2/lib/action_dispatch/middleware/templates/rescues/_source.erb (0.5ms)
  Rendered /Users/Somnius/.rvm/gems/ruby-2.1.2/gems/actionpack-4.1.2/lib/action_dispatch/middleware/templates/rescues/_trace.html.erb (0.9ms)
  Rendered /Users/Somnius/.rvm/gems/ruby-2.1.2/gems/actionpack-4.1.2/lib/action_dispatch/middleware/templates/rescues/_request_and_response.html.erb (2.1ms)
  Rendered /Users/Somnius/.rvm/gems/ruby-2.1.2/gems/actionpack-4.1.2/lib/action_dispatch/middleware/templates/rescues/diagnostics.erb within rescues/layout (17.2ms)


Started GET "/" for 127.0.0.1 at 2014-06-28 23:43:53 -0400
Processing by Rails::WelcomeController#index as HTML
  Rendered /Users/Somnius/.rvm/gems/ruby-2.1.2/gems/railties-4.1.2/lib/rails/templates/rails/welcome/index.html.erb (1.2ms)
Completed 200 OK in 12ms (Views: 4.9ms | ActiveRecord: 0.0ms)


Started GET "/welcome" for 127.0.0.1 at 2014-06-28 23:44:01 -0400

ActionController::RoutingError (No route matches [GET] "/welcome"):
  actionpack (4.1.2) lib/action_dispatch/middleware/debug_exceptions.rb:21:in `call'
  actionpack (4.1.2) lib/action_dispatch/middleware/show_exceptions.rb:30:in `call'
  railties (4.1.2) lib/rails/rack/logger.rb:38:in `call_app'
  railties (4.1.2) lib/rails/rack/logger.rb:20:in `block in call'
  activesupport (4.1.2) lib/active_support/tagged_logging.rb:68:in `block in tagged'
  activesupport (4.1.2) lib/active_support/tagged_logging.rb:26:in `tagged'
  activesupport (4.1.2) lib/active_support/tagged_logging.rb:68:in `tagged'
  railties (4.1.2) lib/rails/rack/logger.rb:20:in `call'
  actionpack (4.1.2) lib/action_dispatch/middleware/request_id.rb:21:in `call'
  rack (1.5.2) lib/rack/methodoverride.rb:21:in `call'
  rack (1.5.2) lib/rack/runtime.rb:17:in `call'
  activesupport (4.1.2) lib/active_support/cache/strategy/local_cache_middleware.rb:26:in `call'
  rack (1.5.2) lib/rack/lock.rb:17:in `call'
  actionpack (4.1.2) lib/action_dispatch/middleware/static.rb:64:in `call'
  rack (1.5.2) lib/rack/sendfile.rb:112:in `call'
  railties (4.1.2) lib/rails/engine.rb:514:in `call'
  railties (4.1.2) lib/rails/application.rb:144:in `call'
  rack (1.5.2) lib/rack/lock.rb:17:in `call'
  rack (1.5.2) lib/rack/content_length.rb:14:in `call'
  rack (1.5.2) lib/rack/handler/webrick.rb:60:in `service'
  /Users/Somnius/.rvm/rubies/ruby-2.1.2/lib/ruby/2.1.0/webrick/httpserver.rb:138:in `service'
  /Users/Somnius/.rvm/rubies/ruby-2.1.2/lib/ruby/2.1.0/webrick/httpserver.rb:94:in `run'
  /Users/Somnius/.rvm/rubies/ruby-2.1.2/lib/ruby/2.1.0/webrick/server.rb:295:in `block in start_thread'


  Rendered /Users/Somnius/.rvm/gems/ruby-2.1.2/gems/actionpack-4.1.2/lib/action_dispatch/middleware/templates/rescues/_trace.html.erb (0.9ms)
  Rendered /Users/Somnius/.rvm/gems/ruby-2.1.2/gems/actionpack-4.1.2/lib/action_dispatch/middleware/templates/routes/_route.html.erb (0.6ms)
  Rendered /Users/Somnius/.rvm/gems/ruby-2.1.2/gems/actionpack-4.1.2/lib/action_dispatch/middleware/templates/routes/_table.html.erb (2.0ms)
  Rendered /Users/Somnius/.rvm/gems/ruby-2.1.2/gems/actionpack-4.1.2/lib/action_dispatch/middleware/templates/rescues/routing_error.html.erb within rescues/layout (18.2ms)


Started GET "/welcome/index" for 127.0.0.1 at 2014-06-28 23:44:08 -0400
Processing by WelcomeController#index as HTML
  Rendered welcome/index.html.erb within layouts/application (0.3ms)
Completed 500 Internal Server Error in 4ms

ActionView::Template::Error (Inconsistent indentation: "  \t" used for indentation, but the rest of the document was indented using 1 tab.):
     5: 		%title Lapfox Trax
     6: 
     7: 		= stylesheet_link_tag    'application', media: 'all', 'data-turbolinks-track' => true
     8:   	= javascript_include_tag 'application', 'data-turbolinks-track' => true
     9:   	= csrf_meta_tags
    10: 
    11: 	%body
  app/views/layouts/application.html.haml:8


  Rendered /Users/Somnius/.rvm/gems/ruby-2.1.2/gems/actionpack-4.1.2/lib/action_dispatch/middleware/templates/rescues/_trace.html.erb (1.1ms)
  Rendered /Users/Somnius/.rvm/gems/ruby-2.1.2/gems/actionpack-4.1.2/lib/action_dispatch/middleware/templates/rescues/_request_and_response.html.erb (0.9ms)
  Rendered /Users/Somnius/.rvm/gems/ruby-2.1.2/gems/actionpack-4.1.2/lib/action_dispatch/middleware/templates/rescues/template_error.html.erb within rescues/layout (9.7ms)


Started GET "/welcome/index" for 127.0.0.1 at 2014-06-28 23:44:50 -0400
Processing by WelcomeController#index as HTML
  Rendered welcome/index.html.haml within layouts/application (0.9ms)
Completed 500 Internal Server Error in 3ms

ActionView::Template::Error (Inconsistent indentation: "  \t" used for indentation, but the rest of the document was indented using 1 tab.):
     5: 		%title Lapfox Trax
     6: 
     7: 		= stylesheet_link_tag    'application', media: 'all', 'data-turbolinks-track' => true
     8:   	= javascript_include_tag 'application', 'data-turbolinks-track' => true
     9:   	= csrf_meta_tags
    10: 
    11: 	%body
  app/views/layouts/application.html.haml:8


  Rendered /Users/Somnius/.rvm/gems/ruby-2.1.2/gems/actionpack-4.1.2/lib/action_dispatch/middleware/templates/rescues/_trace.html.erb (0.9ms)
  Rendered /Users/Somnius/.rvm/gems/ruby-2.1.2/gems/actionpack-4.1.2/lib/action_dispatch/middleware/templates/rescues/_request_and_response.html.erb (0.8ms)
  Rendered /Users/Somnius/.rvm/gems/ruby-2.1.2/gems/actionpack-4.1.2/lib/action_dispatch/middleware/templates/rescues/template_error.html.erb within rescues/layout (9.3ms)


Started GET "/welcome/index" for 127.0.0.1 at 2014-06-28 23:44:51 -0400
Processing by WelcomeController#index as HTML
  Rendered welcome/index.html.haml within layouts/application (0.1ms)
Completed 500 Internal Server Error in 3ms

ActionView::Template::Error (Inconsistent indentation: "  \t" used for indentation, but the rest of the document was indented using 1 tab.):
     5: 		%title Lapfox Trax
     6: 
     7: 		= stylesheet_link_tag    'application', media: 'all', 'data-turbolinks-track' => true
     8:   	= javascript_include_tag 'application', 'data-turbolinks-track' => true
     9:   	= csrf_meta_tags
    10: 
    11: 	%body
  app/views/layouts/application.html.haml:8


  Rendered /Users/Somnius/.rvm/gems/ruby-2.1.2/gems/actionpack-4.1.2/lib/action_dispatch/middleware/templates/rescues/_trace.html.erb (1.0ms)
  Rendered /Users/Somnius/.rvm/gems/ruby-2.1.2/gems/actionpack-4.1.2/lib/action_dispatch/middleware/templates/rescues/_request_and_response.html.erb (0.8ms)
  Rendered /Users/Somnius/.rvm/gems/ruby-2.1.2/gems/actionpack-4.1.2/lib/action_dispatch/middleware/templates/rescues/template_error.html.erb within rescues/layout (9.4ms)


Started GET "/welcome/index" for 127.0.0.1 at 2014-06-28 23:45:28 -0400
Processing by WelcomeController#index as HTML
  Rendered welcome/index.html.haml within layouts/application (0.1ms)
Completed 200 OK in 449ms (Views: 448.4ms | ActiveRecord: 0.0ms)


Started GET "/assets/welcome.css?body=1" for 127.0.0.1 at 2014-06-28 23:45:28 -0400


Started GET "/assets/application.css?body=1" for 127.0.0.1 at 2014-06-28 23:45:28 -0400


Started GET "/assets/jquery.js?body=1" for 127.0.0.1 at 2014-06-28 23:45:28 -0400


Started GET "/assets/jquery_ujs.js?body=1" for 127.0.0.1 at 2014-06-28 23:45:28 -0400


Started GET "/assets/turbolinks.js?body=1" for 127.0.0.1 at 2014-06-28 23:45:28 -0400


Started GET "/assets/welcome.js?body=1" for 127.0.0.1 at 2014-06-28 23:45:28 -0400


Started GET "/assets/application.js?body=1" for 127.0.0.1 at 2014-06-28 23:45:28 -0400


Started GET "/welcome/index" for 127.0.0.1 at 2014-06-28 23:45:50 -0400

ActionController::RoutingError (No route matches [GET] "/welcome/index"):
  actionpack (4.1.2) lib/action_dispatch/middleware/debug_exceptions.rb:21:in `call'
  actionpack (4.1.2) lib/action_dispatch/middleware/show_exceptions.rb:30:in `call'
  railties (4.1.2) lib/rails/rack/logger.rb:38:in `call_app'
  railties (4.1.2) lib/rails/rack/logger.rb:20:in `block in call'
  activesupport (4.1.2) lib/active_support/tagged_logging.rb:68:in `block in tagged'
  activesupport (4.1.2) lib/active_support/tagged_logging.rb:26:in `tagged'
  activesupport (4.1.2) lib/active_support/tagged_logging.rb:68:in `tagged'
  railties (4.1.2) lib/rails/rack/logger.rb:20:in `call'
  actionpack (4.1.2) lib/action_dispatch/middleware/request_id.rb:21:in `call'
  rack (1.5.2) lib/rack/methodoverride.rb:21:in `call'
  rack (1.5.2) lib/rack/runtime.rb:17:in `call'
  activesupport (4.1.2) lib/active_support/cache/strategy/local_cache_middleware.rb:26:in `call'
  rack (1.5.2) lib/rack/lock.rb:17:in `call'
  actionpack (4.1.2) lib/action_dispatch/middleware/static.rb:64:in `call'
  rack (1.5.2) lib/rack/sendfile.rb:112:in `call'
  railties (4.1.2) lib/rails/engine.rb:514:in `call'
  railties (4.1.2) lib/rails/application.rb:144:in `call'
  rack (1.5.2) lib/rack/lock.rb:17:in `call'
  rack (1.5.2) lib/rack/content_length.rb:14:in `call'
  rack (1.5.2) lib/rack/handler/webrick.rb:60:in `service'
  /Users/Somnius/.rvm/rubies/ruby-2.1.2/lib/ruby/2.1.0/webrick/httpserver.rb:138:in `service'
  /Users/Somnius/.rvm/rubies/ruby-2.1.2/lib/ruby/2.1.0/webrick/httpserver.rb:94:in `run'
  /Users/Somnius/.rvm/rubies/ruby-2.1.2/lib/ruby/2.1.0/webrick/server.rb:295:in `block in start_thread'


  Rendered /Users/Somnius/.rvm/gems/ruby-2.1.2/gems/actionpack-4.1.2/lib/action_dispatch/middleware/templates/rescues/_trace.html.erb (0.9ms)
  Rendered /Users/Somnius/.rvm/gems/ruby-2.1.2/gems/actionpack-4.1.2/lib/action_dispatch/middleware/templates/routes/_route.html.erb (0.6ms)
  Rendered /Users/Somnius/.rvm/gems/ruby-2.1.2/gems/actionpack-4.1.2/lib/action_dispatch/middleware/templates/routes/_table.html.erb (0.9ms)
  Rendered /Users/Somnius/.rvm/gems/ruby-2.1.2/gems/actionpack-4.1.2/lib/action_dispatch/middleware/templates/rescues/routing_error.html.erb within rescues/layout (13.0ms)


Started GET "/public/index" for 127.0.0.1 at 2014-06-28 23:45:54 -0400

ActionController::RoutingError (uninitialized constant PublicController):
  activesupport (4.1.2) lib/active_support/inflector/methods.rb:238:in `const_get'
  activesupport (4.1.2) lib/active_support/inflector/methods.rb:238:in `block in constantize'
  activesupport (4.1.2) lib/active_support/inflector/methods.rb:236:in `each'
  activesupport (4.1.2) lib/active_support/inflector/methods.rb:236:in `inject'
  activesupport (4.1.2) lib/active_support/inflector/methods.rb:236:in `constantize'
  actionpack (4.1.2) lib/action_dispatch/routing/route_set.rb:78:in `controller_reference'
  actionpack (4.1.2) lib/action_dispatch/routing/route_set.rb:68:in `controller'
  actionpack (4.1.2) lib/action_dispatch/routing/route_set.rb:46:in `call'
  actionpack (4.1.2) lib/action_dispatch/journey/router.rb:71:in `block in call'
  actionpack (4.1.2) lib/action_dispatch/journey/router.rb:59:in `each'
  actionpack (4.1.2) lib/action_dispatch/journey/router.rb:59:in `call'
  actionpack (4.1.2) lib/action_dispatch/routing/route_set.rb:678:in `call'
  rack (1.5.2) lib/rack/etag.rb:23:in `call'
  rack (1.5.2) lib/rack/conditionalget.rb:25:in `call'
  rack (1.5.2) lib/rack/head.rb:11:in `call'
  actionpack (4.1.2) lib/action_dispatch/middleware/params_parser.rb:27:in `call'
  actionpack (4.1.2) lib/action_dispatch/middleware/flash.rb:254:in `call'
  rack (1.5.2) lib/rack/session/abstract/id.rb:225:in `context'
  rack (1.5.2) lib/rack/session/abstract/id.rb:220:in `call'
  actionpack (4.1.2) lib/action_dispatch/middleware/cookies.rb:560:in `call'
  activerecord (4.1.2) lib/active_record/query_cache.rb:36:in `call'
  activerecord (4.1.2) lib/active_record/connection_adapters/abstract/connection_pool.rb:621:in `call'
  activerecord (4.1.2) lib/active_record/migration.rb:380:in `call'
  actionpack (4.1.2) lib/action_dispatch/middleware/callbacks.rb:29:in `block in call'
  activesupport (4.1.2) lib/active_support/callbacks.rb:82:in `run_callbacks'
  actionpack (4.1.2) lib/action_dispatch/middleware/callbacks.rb:27:in `call'
  actionpack (4.1.2) lib/action_dispatch/middleware/reloader.rb:73:in `call'
  actionpack (4.1.2) lib/action_dispatch/middleware/remote_ip.rb:76:in `call'
  actionpack (4.1.2) lib/action_dispatch/middleware/debug_exceptions.rb:17:in `call'
  actionpack (4.1.2) lib/action_dispatch/middleware/show_exceptions.rb:30:in `call'
  railties (4.1.2) lib/rails/rack/logger.rb:38:in `call_app'
  railties (4.1.2) lib/rails/rack/logger.rb:20:in `block in call'
  activesupport (4.1.2) lib/active_support/tagged_logging.rb:68:in `block in tagged'
  activesupport (4.1.2) lib/active_support/tagged_logging.rb:26:in `tagged'
  activesupport (4.1.2) lib/active_support/tagged_logging.rb:68:in `tagged'
  railties (4.1.2) lib/rails/rack/logger.rb:20:in `call'
  actionpack (4.1.2) lib/action_dispatch/middleware/request_id.rb:21:in `call'
  rack (1.5.2) lib/rack/methodoverride.rb:21:in `call'
  rack (1.5.2) lib/rack/runtime.rb:17:in `call'
  activesupport (4.1.2) lib/active_support/cache/strategy/local_cache_middleware.rb:26:in `call'
  rack (1.5.2) lib/rack/lock.rb:17:in `call'
  actionpack (4.1.2) lib/action_dispatch/middleware/static.rb:64:in `call'
  rack (1.5.2) lib/rack/sendfile.rb:112:in `call'
  railties (4.1.2) lib/rails/engine.rb:514:in `call'
  railties (4.1.2) lib/rails/application.rb:144:in `call'
  rack (1.5.2) lib/rack/lock.rb:17:in `call'
  rack (1.5.2) lib/rack/content_length.rb:14:in `call'
  rack (1.5.2) lib/rack/handler/webrick.rb:60:in `service'
  /Users/Somnius/.rvm/rubies/ruby-2.1.2/lib/ruby/2.1.0/webrick/httpserver.rb:138:in `service'
  /Users/Somnius/.rvm/rubies/ruby-2.1.2/lib/ruby/2.1.0/webrick/httpserver.rb:94:in `run'
  /Users/Somnius/.rvm/rubies/ruby-2.1.2/lib/ruby/2.1.0/webrick/server.rb:295:in `block in start_thread'


  Rendered /Users/Somnius/.rvm/gems/ruby-2.1.2/gems/actionpack-4.1.2/lib/action_dispatch/middleware/templates/rescues/_trace.html.erb (1.1ms)
  Rendered /Users/Somnius/.rvm/gems/ruby-2.1.2/gems/actionpack-4.1.2/lib/action_dispatch/middleware/templates/routes/_route.html.erb (0.6ms)
  Rendered /Users/Somnius/.rvm/gems/ruby-2.1.2/gems/actionpack-4.1.2/lib/action_dispatch/middleware/templates/routes/_table.html.erb (1.0ms)
  Rendered /Users/Somnius/.rvm/gems/ruby-2.1.2/gems/actionpack-4.1.2/lib/action_dispatch/middleware/templates/rescues/routing_error.html.erb within rescues/layout (13.8ms)


Started GET "/public/" for 127.0.0.1 at 2014-06-28 23:46:02 -0400

ActionController::RoutingError (No route matches [GET] "/public"):
  actionpack (4.1.2) lib/action_dispatch/middleware/debug_exceptions.rb:21:in `call'
  actionpack (4.1.2) lib/action_dispatch/middleware/show_exceptions.rb:30:in `call'
  railties (4.1.2) lib/rails/rack/logger.rb:38:in `call_app'
  railties (4.1.2) lib/rails/rack/logger.rb:20:in `block in call'
  activesupport (4.1.2) lib/active_support/tagged_logging.rb:68:in `block in tagged'
  activesupport (4.1.2) lib/active_support/tagged_logging.rb:26:in `tagged'
  activesupport (4.1.2) lib/active_support/tagged_logging.rb:68:in `tagged'
  railties (4.1.2) lib/rails/rack/logger.rb:20:in `call'
  actionpack (4.1.2) lib/action_dispatch/middleware/request_id.rb:21:in `call'
  rack (1.5.2) lib/rack/methodoverride.rb:21:in `call'
  rack (1.5.2) lib/rack/runtime.rb:17:in `call'
  activesupport (4.1.2) lib/active_support/cache/strategy/local_cache_middleware.rb:26:in `call'
  rack (1.5.2) lib/rack/lock.rb:17:in `call'
  actionpack (4.1.2) lib/action_dispatch/middleware/static.rb:64:in `call'
  rack (1.5.2) lib/rack/sendfile.rb:112:in `call'
  railties (4.1.2) lib/rails/engine.rb:514:in `call'
  railties (4.1.2) lib/rails/application.rb:144:in `call'
  rack (1.5.2) lib/rack/lock.rb:17:in `call'
  rack (1.5.2) lib/rack/content_length.rb:14:in `call'
  rack (1.5.2) lib/rack/handler/webrick.rb:60:in `service'
  /Users/Somnius/.rvm/rubies/ruby-2.1.2/lib/ruby/2.1.0/webrick/httpserver.rb:138:in `service'
  /Users/Somnius/.rvm/rubies/ruby-2.1.2/lib/ruby/2.1.0/webrick/httpserver.rb:94:in `run'
  /Users/Somnius/.rvm/rubies/ruby-2.1.2/lib/ruby/2.1.0/webrick/server.rb:295:in `block in start_thread'


  Rendered /Users/Somnius/.rvm/gems/ruby-2.1.2/gems/actionpack-4.1.2/lib/action_dispatch/middleware/templates/rescues/_trace.html.erb (0.9ms)
  Rendered /Users/Somnius/.rvm/gems/ruby-2.1.2/gems/actionpack-4.1.2/lib/action_dispatch/middleware/templates/routes/_route.html.erb (0.6ms)
  Rendered /Users/Somnius/.rvm/gems/ruby-2.1.2/gems/actionpack-4.1.2/lib/action_dispatch/middleware/templates/routes/_table.html.erb (1.0ms)
  Rendered /Users/Somnius/.rvm/gems/ruby-2.1.2/gems/actionpack-4.1.2/lib/action_dispatch/middleware/templates/rescues/routing_error.html.erb within rescues/layout (13.1ms)


Started GET "/public/index" for 127.0.0.1 at 2014-06-28 23:46:07 -0400

ActionController::RoutingError (uninitialized constant PublicController):
  activesupport (4.1.2) lib/active_support/inflector/methods.rb:238:in `const_get'
  activesupport (4.1.2) lib/active_support/inflector/methods.rb:238:in `block in constantize'
  activesupport (4.1.2) lib/active_support/inflector/methods.rb:236:in `each'
  activesupport (4.1.2) lib/active_support/inflector/methods.rb:236:in `inject'
  activesupport (4.1.2) lib/active_support/inflector/methods.rb:236:in `constantize'
  actionpack (4.1.2) lib/action_dispatch/routing/route_set.rb:78:in `controller_reference'
  actionpack (4.1.2) lib/action_dispatch/routing/route_set.rb:68:in `controller'
  actionpack (4.1.2) lib/action_dispatch/routing/route_set.rb:46:in `call'
  actionpack (4.1.2) lib/action_dispatch/journey/router.rb:71:in `block in call'
  actionpack (4.1.2) lib/action_dispatch/journey/router.rb:59:in `each'
  actionpack (4.1.2) lib/action_dispatch/journey/router.rb:59:in `call'
  actionpack (4.1.2) lib/action_dispatch/routing/route_set.rb:678:in `call'
  rack (1.5.2) lib/rack/etag.rb:23:in `call'
  rack (1.5.2) lib/rack/conditionalget.rb:25:in `call'
  rack (1.5.2) lib/rack/head.rb:11:in `call'
  actionpack (4.1.2) lib/action_dispatch/middleware/params_parser.rb:27:in `call'
  actionpack (4.1.2) lib/action_dispatch/middleware/flash.rb:254:in `call'
  rack (1.5.2) lib/rack/session/abstract/id.rb:225:in `context'
  rack (1.5.2) lib/rack/session/abstract/id.rb:220:in `call'
  actionpack (4.1.2) lib/action_dispatch/middleware/cookies.rb:560:in `call'
  activerecord (4.1.2) lib/active_record/query_cache.rb:36:in `call'
  activerecord (4.1.2) lib/active_record/connection_adapters/abstract/connection_pool.rb:621:in `call'
  activerecord (4.1.2) lib/active_record/migration.rb:380:in `call'
  actionpack (4.1.2) lib/action_dispatch/middleware/callbacks.rb:29:in `block in call'
  activesupport (4.1.2) lib/active_support/callbacks.rb:82:in `run_callbacks'
  actionpack (4.1.2) lib/action_dispatch/middleware/callbacks.rb:27:in `call'
  actionpack (4.1.2) lib/action_dispatch/middleware/reloader.rb:73:in `call'
  actionpack (4.1.2) lib/action_dispatch/middleware/remote_ip.rb:76:in `call'
  actionpack (4.1.2) lib/action_dispatch/middleware/debug_exceptions.rb:17:in `call'
  actionpack (4.1.2) lib/action_dispatch/middleware/show_exceptions.rb:30:in `call'
  railties (4.1.2) lib/rails/rack/logger.rb:38:in `call_app'
  railties (4.1.2) lib/rails/rack/logger.rb:20:in `block in call'
  activesupport (4.1.2) lib/active_support/tagged_logging.rb:68:in `block in tagged'
  activesupport (4.1.2) lib/active_support/tagged_logging.rb:26:in `tagged'
  activesupport (4.1.2) lib/active_support/tagged_logging.rb:68:in `tagged'
  railties (4.1.2) lib/rails/rack/logger.rb:20:in `call'
  actionpack (4.1.2) lib/action_dispatch/middleware/request_id.rb:21:in `call'
  rack (1.5.2) lib/rack/methodoverride.rb:21:in `call'
  rack (1.5.2) lib/rack/runtime.rb:17:in `call'
  activesupport (4.1.2) lib/active_support/cache/strategy/local_cache_middleware.rb:26:in `call'
  rack (1.5.2) lib/rack/lock.rb:17:in `call'
  actionpack (4.1.2) lib/action_dispatch/middleware/static.rb:64:in `call'
  rack (1.5.2) lib/rack/sendfile.rb:112:in `call'
  railties (4.1.2) lib/rails/engine.rb:514:in `call'
  railties (4.1.2) lib/rails/application.rb:144:in `call'
  rack (1.5.2) lib/rack/lock.rb:17:in `call'
  rack (1.5.2) lib/rack/content_length.rb:14:in `call'
  rack (1.5.2) lib/rack/handler/webrick.rb:60:in `service'
  /Users/Somnius/.rvm/rubies/ruby-2.1.2/lib/ruby/2.1.0/webrick/httpserver.rb:138:in `service'
  /Users/Somnius/.rvm/rubies/ruby-2.1.2/lib/ruby/2.1.0/webrick/httpserver.rb:94:in `run'
  /Users/Somnius/.rvm/rubies/ruby-2.1.2/lib/ruby/2.1.0/webrick/server.rb:295:in `block in start_thread'


  Rendered /Users/Somnius/.rvm/gems/ruby-2.1.2/gems/actionpack-4.1.2/lib/action_dispatch/middleware/templates/rescues/_trace.html.erb (1.1ms)
  Rendered /Users/Somnius/.rvm/gems/ruby-2.1.2/gems/actionpack-4.1.2/lib/action_dispatch/middleware/templates/routes/_route.html.erb (0.7ms)
  Rendered /Users/Somnius/.rvm/gems/ruby-2.1.2/gems/actionpack-4.1.2/lib/action_dispatch/middleware/templates/routes/_table.html.erb (1.1ms)
  Rendered /Users/Somnius/.rvm/gems/ruby-2.1.2/gems/actionpack-4.1.2/lib/action_dispatch/middleware/templates/rescues/routing_error.html.erb within rescues/layout (14.2ms)


Started GET "/public/index" for 127.0.0.1 at 2014-06-28 23:46:51 -0400
Processing by PublicController#index as HTML
  Rendered public/index.html.haml within layouts/application (0.9ms)
Completed 200 OK in 5ms (Views: 4.7ms | ActiveRecord: 0.0ms)


Started GET "/assets/welcome.css?body=1" for 127.0.0.1 at 2014-06-28 23:46:51 -0400


Started GET "/assets/application.css?body=1" for 127.0.0.1 at 2014-06-28 23:46:51 -0400


Started GET "/assets/jquery.js?body=1" for 127.0.0.1 at 2014-06-28 23:46:51 -0400


Started GET "/assets/application.js?body=1" for 127.0.0.1 at 2014-06-28 23:46:51 -0400


Started GET "/assets/jquery_ujs.js?body=1" for 127.0.0.1 at 2014-06-28 23:46:51 -0400


Started GET "/assets/turbolinks.js?body=1" for 127.0.0.1 at 2014-06-28 23:46:51 -0400


Started GET "/assets/welcome.js?body=1" for 127.0.0.1 at 2014-06-28 23:46:51 -0400


Started GET "/" for 127.0.0.1 at 2014-06-28 23:47:07 -0400

ArgumentError (controller name should not start with a slash):
  config/routes.rb:3:in `block in <top (required)>'
  config/routes.rb:1:in `<top (required)>'


  Rendered /Users/Somnius/.rvm/gems/ruby-2.1.2/gems/actionpack-4.1.2/lib/action_dispatch/middleware/templates/rescues/_source.erb (0.5ms)
  Rendered /Users/Somnius/.rvm/gems/ruby-2.1.2/gems/actionpack-4.1.2/lib/action_dispatch/middleware/templates/rescues/_trace.html.erb (1.0ms)
  Rendered /Users/Somnius/.rvm/gems/ruby-2.1.2/gems/actionpack-4.1.2/lib/action_dispatch/middleware/templates/rescues/_request_and_response.html.erb (0.8ms)
  Rendered /Users/Somnius/.rvm/gems/ruby-2.1.2/gems/actionpack-4.1.2/lib/action_dispatch/middleware/templates/rescues/diagnostics.erb within rescues/layout (12.8ms)


Started GET "/" for 127.0.0.1 at 2014-06-28 23:47:21 -0400

ArgumentError (wrong number of arguments (0 for 1..2)):
  config/routes.rb:3:in `block in <top (required)>'
  config/routes.rb:1:in `<top (required)>'


  Rendered /Users/Somnius/.rvm/gems/ruby-2.1.2/gems/actionpack-4.1.2/lib/action_dispatch/middleware/templates/rescues/_source.erb (0.6ms)
  Rendered /Users/Somnius/.rvm/gems/ruby-2.1.2/gems/actionpack-4.1.2/lib/action_dispatch/middleware/templates/rescues/_trace.html.erb (1.0ms)
  Rendered /Users/Somnius/.rvm/gems/ruby-2.1.2/gems/actionpack-4.1.2/lib/action_dispatch/middleware/templates/rescues/_request_and_response.html.erb (0.7ms)
  Rendered /Users/Somnius/.rvm/gems/ruby-2.1.2/gems/actionpack-4.1.2/lib/action_dispatch/middleware/templates/rescues/diagnostics.erb within rescues/layout (13.1ms)


Started GET "/" for 127.0.0.1 at 2014-06-28 23:47:38 -0400

ArgumentError (Missing :action key on routes definition, please check your routes.):
  config/routes.rb:3:in `block in <top (required)>'
  config/routes.rb:1:in `<top (required)>'


  Rendered /Users/Somnius/.rvm/gems/ruby-2.1.2/gems/actionpack-4.1.2/lib/action_dispatch/middleware/templates/rescues/_source.erb (0.7ms)
  Rendered /Users/Somnius/.rvm/gems/ruby-2.1.2/gems/actionpack-4.1.2/lib/action_dispatch/middleware/templates/rescues/_trace.html.erb (1.0ms)
  Rendered /Users/Somnius/.rvm/gems/ruby-2.1.2/gems/actionpack-4.1.2/lib/action_dispatch/middleware/templates/rescues/_request_and_response.html.erb (0.8ms)
  Rendered /Users/Somnius/.rvm/gems/ruby-2.1.2/gems/actionpack-4.1.2/lib/action_dispatch/middleware/templates/rescues/diagnostics.erb within rescues/layout (13.0ms)


Started GET "/" for 127.0.0.1 at 2014-06-28 23:47:43 -0400
Processing by PublicController#index as HTML
  Rendered public/index.html.haml within layouts/application (0.1ms)
Completed 200 OK in 4ms (Views: 3.7ms | ActiveRecord: 0.0ms)


Started GET "/assets/welcome.css?body=1" for 127.0.0.1 at 2014-06-28 23:47:43 -0400


Started GET "/assets/application.css?body=1" for 127.0.0.1 at 2014-06-28 23:47:43 -0400


Started GET "/assets/jquery.js?body=1" for 127.0.0.1 at 2014-06-28 23:47:43 -0400


Started GET "/assets/jquery_ujs.js?body=1" for 127.0.0.1 at 2014-06-28 23:47:43 -0400


Started GET "/assets/application.js?body=1" for 127.0.0.1 at 2014-06-28 23:47:43 -0400


Started GET "/assets/turbolinks.js?body=1" for 127.0.0.1 at 2014-06-28 23:47:43 -0400


Started GET "/assets/welcome.js?body=1" for 127.0.0.1 at 2014-06-28 23:47:43 -0400
